
*** Running vivado
    with args -log design_1_Latch_v3_0_0.vds -m64 -product Vivado -mode batch -messageDb vivado.pb -notrace -source design_1_Latch_v3_0_0.tcl


****** Vivado v2021.2.1 (64-bit)
  **** SW Build 3414424 on Sun Dec 19 10:57:14 MST 2021
  **** IP Build 3405791 on Sun Dec 19 15:54:35 MST 2021
    ** Copyright 1986-2021 Xilinx, Inc. All Rights Reserved.

source design_1_Latch_v3_0_0.tcl -notrace
INFO: [IP_Flow 19-234] Refreshing IP repositories
INFO: [IP_Flow 19-1700] Loaded user IP repository '/opt/Xilinx/Projects/Proyecto_TFM/1/ip_repo/Latch_v2'.
INFO: [IP_Flow 19-1700] Loaded user IP repository '/opt/Xilinx/Projects/Proyecto_TFM/1/ip_repo/Latch_v3/ip_repo'.
INFO: [IP_Flow 19-1700] Loaded user IP repository '/opt/Xilinx/Projects/Proyecto_TFM/1/ip_repo/Interlock_v3/ip_repo'.
INFO: [IP_Flow 19-1700] Loaded user IP repository '/opt/Xilinx/Projects/Proyecto_TFM/1/ip_repo/Trigger_v3/ip_repo'.
INFO: [IP_Flow 19-1700] Loaded user IP repository '/opt/Xilinx/Projects/Proyecto_TFM/1/ip_repo/Trigger_v2/ip_repo'.
INFO: [IP_Flow 19-1700] Loaded user IP repository '/opt/Xilinx/Projects/Proyecto_TFM/1/ip_repo/Interlock_v2/ip_repo'.
INFO: [IP_Flow 19-2313] Loaded Vivado IP repository '/opt/Xilinx/Vivado/2021.2/data/ip'.
Command: synth_design -top design_1_Latch_v3_0_0 -part xc7z020clg400-1 -mode out_of_context
Starting synth_design
Attempting to get a license for feature 'Synthesis' and/or device 'xc7z020'
INFO: [Common 17-349] Got license for feature 'Synthesis' and/or device 'xc7z020'
INFO: [Device 21-403] Loading part xc7z020clg400-1
INFO: [Synth 8-7079] Multithreading enabled for synth_design using a maximum of 4 processes.
INFO: [Synth 8-7078] Launching helper process for spawning children vivado processes
INFO: [Synth 8-7075] Helper process launched with PID 107474
WARNING: [Synth 8-2507] parameter declaration becomes local in Latch_v3_v1_0_S_AXI with formal parameter declaration list [/opt/Xilinx/Projects/Proyecto_TFM/1/Prueba_4/Prueba_4/Prueba_4.gen/sources_1/bd/design_1/ipshared/6b40/hdl/Latch_v3_v1_0_S_AXI.v:451]
---------------------------------------------------------------------------------
Starting RTL Elaboration : Time (s): cpu = 00:00:02 ; elapsed = 00:00:02 . Memory (MB): peak = 2800.969 ; gain = 0.000 ; free physical = 2053 ; free virtual = 7454
---------------------------------------------------------------------------------
INFO: [Synth 8-6157] synthesizing module 'design_1_Latch_v3_0_0' [/opt/Xilinx/Projects/Proyecto_TFM/1/Prueba_4/Prueba_4/Prueba_4.gen/sources_1/bd/design_1/ip/design_1_Latch_v3_0_0/synth/design_1_Latch_v3_0_0.v:56]
INFO: [Synth 8-6157] synthesizing module 'Latch_v3_v1_0' [/opt/Xilinx/Projects/Proyecto_TFM/1/Prueba_4/Prueba_4/Prueba_4.gen/sources_1/bd/design_1/ipshared/6b40/hdl/Latch_v3_v1_0.v:4]
INFO: [Synth 8-6157] synthesizing module 'Latch_v3_v1_0_S_AXI' [/opt/Xilinx/Projects/Proyecto_TFM/1/Prueba_4/Prueba_4/Prueba_4.gen/sources_1/bd/design_1/ipshared/6b40/hdl/Latch_v3_v1_0_S_AXI.v:4]
INFO: [Synth 8-226] default block is never used [/opt/Xilinx/Projects/Proyecto_TFM/1/Prueba_4/Prueba_4/Prueba_4.gen/sources_1/bd/design_1/ipshared/6b40/hdl/Latch_v3_v1_0_S_AXI.v:244]
INFO: [Synth 8-226] default block is never used [/opt/Xilinx/Projects/Proyecto_TFM/1/Prueba_4/Prueba_4/Prueba_4.gen/sources_1/bd/design_1/ipshared/6b40/hdl/Latch_v3_v1_0_S_AXI.v:417]
INFO: [Synth 8-6155] done synthesizing module 'Latch_v3_v1_0_S_AXI' (1#1) [/opt/Xilinx/Projects/Proyecto_TFM/1/Prueba_4/Prueba_4/Prueba_4.gen/sources_1/bd/design_1/ipshared/6b40/hdl/Latch_v3_v1_0_S_AXI.v:4]
INFO: [Synth 8-6155] done synthesizing module 'Latch_v3_v1_0' (2#1) [/opt/Xilinx/Projects/Proyecto_TFM/1/Prueba_4/Prueba_4/Prueba_4.gen/sources_1/bd/design_1/ipshared/6b40/hdl/Latch_v3_v1_0.v:4]
WARNING: [Synth 8-7071] port 'Qreg' of module 'Latch_v3_v1_0' is unconnected for instance 'inst' [/opt/Xilinx/Projects/Proyecto_TFM/1/Prueba_4/Prueba_4/Prueba_4.gen/sources_1/bd/design_1/ip/design_1_Latch_v3_0_0/synth/design_1_Latch_v3_0_0.v:138]
WARNING: [Synth 8-7023] instance 'inst' of module 'Latch_v3_v1_0' has 26 connections declared, but only 25 given [/opt/Xilinx/Projects/Proyecto_TFM/1/Prueba_4/Prueba_4/Prueba_4.gen/sources_1/bd/design_1/ip/design_1_Latch_v3_0_0/synth/design_1_Latch_v3_0_0.v:138]
INFO: [Synth 8-6155] done synthesizing module 'design_1_Latch_v3_0_0' (3#1) [/opt/Xilinx/Projects/Proyecto_TFM/1/Prueba_4/Prueba_4/Prueba_4.gen/sources_1/bd/design_1/ip/design_1_Latch_v3_0_0/synth/design_1_Latch_v3_0_0.v:56]
WARNING: [Synth 8-7129] Port S_AXI_AWPROT[2] in module Latch_v3_v1_0_S_AXI is either unconnected or has no load
WARNING: [Synth 8-7129] Port S_AXI_AWPROT[1] in module Latch_v3_v1_0_S_AXI is either unconnected or has no load
WARNING: [Synth 8-7129] Port S_AXI_AWPROT[0] in module Latch_v3_v1_0_S_AXI is either unconnected or has no load
WARNING: [Synth 8-7129] Port S_AXI_ARPROT[2] in module Latch_v3_v1_0_S_AXI is either unconnected or has no load
WARNING: [Synth 8-7129] Port S_AXI_ARPROT[1] in module Latch_v3_v1_0_S_AXI is either unconnected or has no load
WARNING: [Synth 8-7129] Port S_AXI_ARPROT[0] in module Latch_v3_v1_0_S_AXI is either unconnected or has no load
---------------------------------------------------------------------------------
Finished RTL Elaboration : Time (s): cpu = 00:00:03 ; elapsed = 00:00:03 . Memory (MB): peak = 2800.969 ; gain = 0.000 ; free physical = 1698 ; free virtual = 7046
---------------------------------------------------------------------------------
---------------------------------------------------------------------------------
Start Handling Custom Attributes
---------------------------------------------------------------------------------
---------------------------------------------------------------------------------
Finished Handling Custom Attributes : Time (s): cpu = 00:00:03 ; elapsed = 00:00:03 . Memory (MB): peak = 2800.969 ; gain = 0.000 ; free physical = 1691 ; free virtual = 7039
---------------------------------------------------------------------------------
---------------------------------------------------------------------------------
Finished RTL Optimization Phase 1 : Time (s): cpu = 00:00:03 ; elapsed = 00:00:03 . Memory (MB): peak = 2800.969 ; gain = 0.000 ; free physical = 1691 ; free virtual = 7039
---------------------------------------------------------------------------------
Netlist sorting complete. Time (s): cpu = 00:00:00 ; elapsed = 00:00:00 . Memory (MB): peak = 2800.969 ; gain = 0.000 ; free physical = 1686 ; free virtual = 7033
INFO: [Project 1-570] Preparing netlist for logic optimization

Processing XDC Constraints
Initializing timing engine
Completed Processing XDC Constraints

Netlist sorting complete. Time (s): cpu = 00:00:00 ; elapsed = 00:00:00 . Memory (MB): peak = 2864.895 ; gain = 0.000 ; free physical = 2538 ; free virtual = 7886
INFO: [Project 1-111] Unisim Transformation Summary:
No Unisim elements were transformed.

Constraint Validation Runtime : Time (s): cpu = 00:00:00.02 ; elapsed = 00:00:00.01 . Memory (MB): peak = 2864.895 ; gain = 0.000 ; free physical = 2538 ; free virtual = 7886
---------------------------------------------------------------------------------
Finished Constraint Validation : Time (s): cpu = 00:00:06 ; elapsed = 00:00:06 . Memory (MB): peak = 2864.895 ; gain = 63.926 ; free physical = 2606 ; free virtual = 7953
---------------------------------------------------------------------------------
---------------------------------------------------------------------------------
Start Loading Part and Timing Information
---------------------------------------------------------------------------------
Loading part: xc7z020clg400-1
---------------------------------------------------------------------------------
Finished Loading Part and Timing Information : Time (s): cpu = 00:00:06 ; elapsed = 00:00:06 . Memory (MB): peak = 2864.895 ; gain = 63.926 ; free physical = 2606 ; free virtual = 7953
---------------------------------------------------------------------------------
---------------------------------------------------------------------------------
Start Applying 'set_property' XDC Constraints
---------------------------------------------------------------------------------
---------------------------------------------------------------------------------
Finished applying 'set_property' XDC Constraints : Time (s): cpu = 00:00:06 ; elapsed = 00:00:06 . Memory (MB): peak = 2864.895 ; gain = 63.926 ; free physical = 2606 ; free virtual = 7953
---------------------------------------------------------------------------------
---------------------------------------------------------------------------------
Finished RTL Optimization Phase 2 : Time (s): cpu = 00:00:06 ; elapsed = 00:00:06 . Memory (MB): peak = 2864.895 ; gain = 63.926 ; free physical = 2594 ; free virtual = 7943
---------------------------------------------------------------------------------
---------------------------------------------------------------------------------
Start RTL Component Statistics 
---------------------------------------------------------------------------------
Detailed RTL Component Info : 
+---Registers : 
	               32 Bit    Registers := 9     
	                5 Bit    Registers := 2     
	                2 Bit    Registers := 2     
	                1 Bit    Registers := 6     
+---Muxes : 
	   2 Input   32 Bit        Muxes := 8     
	   8 Input   32 Bit        Muxes := 8     
	   2 Input    1 Bit        Muxes := 5     
---------------------------------------------------------------------------------
Finished RTL Component Statistics 
---------------------------------------------------------------------------------
---------------------------------------------------------------------------------
Start Part Resource Summary
---------------------------------------------------------------------------------
Part Resources:
DSPs: 220 (col length:60)
BRAMs: 280 (col length: RAMB18 60 RAMB36 30)
---------------------------------------------------------------------------------
Finished Part Resource Summary
---------------------------------------------------------------------------------
---------------------------------------------------------------------------------
Start Cross Boundary and Area Optimization
---------------------------------------------------------------------------------
WARNING: [Synth 8-7080] Parallel synthesis criteria is not met
WARNING: [Synth 8-7129] Port s_axi_awprot[2] in module design_1_Latch_v3_0_0 is either unconnected or has no load
WARNING: [Synth 8-7129] Port s_axi_awprot[1] in module design_1_Latch_v3_0_0 is either unconnected or has no load
WARNING: [Synth 8-7129] Port s_axi_awprot[0] in module design_1_Latch_v3_0_0 is either unconnected or has no load
WARNING: [Synth 8-7129] Port s_axi_arprot[2] in module design_1_Latch_v3_0_0 is either unconnected or has no load
WARNING: [Synth 8-7129] Port s_axi_arprot[1] in module design_1_Latch_v3_0_0 is either unconnected or has no load
WARNING: [Synth 8-7129] Port s_axi_arprot[0] in module design_1_Latch_v3_0_0 is either unconnected or has no load
---------------------------------------------------------------------------------
Finished Cross Boundary and Area Optimization : Time (s): cpu = 00:00:07 ; elapsed = 00:00:07 . Memory (MB): peak = 2864.895 ; gain = 63.926 ; free physical = 2578 ; free virtual = 7930
---------------------------------------------------------------------------------
---------------------------------------------------------------------------------
Start Applying XDC Timing Constraints
---------------------------------------------------------------------------------
---------------------------------------------------------------------------------
Finished Applying XDC Timing Constraints : Time (s): cpu = 00:00:09 ; elapsed = 00:00:10 . Memory (MB): peak = 2864.895 ; gain = 63.926 ; free physical = 2467 ; free virtual = 7806
---------------------------------------------------------------------------------
---------------------------------------------------------------------------------
Start Timing Optimization
---------------------------------------------------------------------------------
---------------------------------------------------------------------------------
Finished Timing Optimization : Time (s): cpu = 00:00:09 ; elapsed = 00:00:10 . Memory (MB): peak = 2864.895 ; gain = 63.926 ; free physical = 2467 ; free virtual = 7806
---------------------------------------------------------------------------------
---------------------------------------------------------------------------------
Start Technology Mapping
---------------------------------------------------------------------------------
---------------------------------------------------------------------------------
Finished Technology Mapping : Time (s): cpu = 00:00:09 ; elapsed = 00:00:10 . Memory (MB): peak = 2864.895 ; gain = 63.926 ; free physical = 2463 ; free virtual = 7802
---------------------------------------------------------------------------------
---------------------------------------------------------------------------------
Start IO Insertion
---------------------------------------------------------------------------------
---------------------------------------------------------------------------------
Start Flattening Before IO Insertion
---------------------------------------------------------------------------------
---------------------------------------------------------------------------------
Finished Flattening Before IO Insertion
---------------------------------------------------------------------------------
---------------------------------------------------------------------------------
Start Final Netlist Cleanup
---------------------------------------------------------------------------------
---------------------------------------------------------------------------------
Finished Final Netlist Cleanup
---------------------------------------------------------------------------------
---------------------------------------------------------------------------------
Finished IO Insertion : Time (s): cpu = 00:00:11 ; elapsed = 00:00:12 . Memory (MB): peak = 2864.895 ; gain = 63.926 ; free physical = 2466 ; free virtual = 7805
---------------------------------------------------------------------------------
---------------------------------------------------------------------------------
Start Renaming Generated Instances
---------------------------------------------------------------------------------
---------------------------------------------------------------------------------
Finished Renaming Generated Instances : Time (s): cpu = 00:00:11 ; elapsed = 00:00:12 . Memory (MB): peak = 2864.895 ; gain = 63.926 ; free physical = 2466 ; free virtual = 7805
---------------------------------------------------------------------------------
---------------------------------------------------------------------------------
Start Rebuilding User Hierarchy
---------------------------------------------------------------------------------
---------------------------------------------------------------------------------
Finished Rebuilding User Hierarchy : Time (s): cpu = 00:00:11 ; elapsed = 00:00:12 . Memory (MB): peak = 2864.895 ; gain = 63.926 ; free physical = 2466 ; free virtual = 7805
---------------------------------------------------------------------------------
---------------------------------------------------------------------------------
Start Renaming Generated Ports
---------------------------------------------------------------------------------
---------------------------------------------------------------------------------
Finished Renaming Generated Ports : Time (s): cpu = 00:00:11 ; elapsed = 00:00:12 . Memory (MB): peak = 2864.895 ; gain = 63.926 ; free physical = 2466 ; free virtual = 7805
---------------------------------------------------------------------------------
---------------------------------------------------------------------------------
Start Handling Custom Attributes
---------------------------------------------------------------------------------
---------------------------------------------------------------------------------
Finished Handling Custom Attributes : Time (s): cpu = 00:00:11 ; elapsed = 00:00:12 . Memory (MB): peak = 2864.895 ; gain = 63.926 ; free physical = 2466 ; free virtual = 7805
---------------------------------------------------------------------------------
---------------------------------------------------------------------------------
Start Renaming Generated Nets
---------------------------------------------------------------------------------
---------------------------------------------------------------------------------
Finished Renaming Generated Nets : Time (s): cpu = 00:00:11 ; elapsed = 00:00:12 . Memory (MB): peak = 2864.895 ; gain = 63.926 ; free physical = 2466 ; free virtual = 7805
---------------------------------------------------------------------------------
---------------------------------------------------------------------------------
Start Writing Synthesis Report
---------------------------------------------------------------------------------

Report BlackBoxes: 
+-+--------------+----------+
| |BlackBox name |Instances |
+-+--------------+----------+
+-+--------------+----------+

Report Cell Usage: 
+------+------+------+
|      |Cell  |Count |
+------+------+------+
|1     |LUT1  |     1|
|2     |LUT2  |     3|
|3     |LUT3  |     1|
|4     |LUT4  |     7|
|5     |LUT5  |    32|
|6     |LUT6  |    69|
|7     |MUXF7 |    32|
|8     |FDRE  |   299|
|9     |FDSE  |     1|
+------+------+------+
---------------------------------------------------------------------------------
Finished Writing Synthesis Report : Time (s): cpu = 00:00:11 ; elapsed = 00:00:12 . Memory (MB): peak = 2864.895 ; gain = 63.926 ; free physical = 2466 ; free virtual = 7805
---------------------------------------------------------------------------------
Synthesis finished with 0 errors, 0 critical warnings and 7 warnings.
Synthesis Optimization Runtime : Time (s): cpu = 00:00:10 ; elapsed = 00:00:11 . Memory (MB): peak = 2864.895 ; gain = 0.000 ; free physical = 2521 ; free virtual = 7861
Synthesis Optimization Complete : Time (s): cpu = 00:00:11 ; elapsed = 00:00:12 . Memory (MB): peak = 2864.895 ; gain = 63.926 ; free physical = 2521 ; free virtual = 7861
INFO: [Project 1-571] Translating synthesized netlist
Netlist sorting complete. Time (s): cpu = 00:00:00 ; elapsed = 00:00:00 . Memory (MB): peak = 2864.895 ; gain = 0.000 ; free physical = 2580 ; free virtual = 7919
INFO: [Netlist 29-17] Analyzing 32 Unisim elements for replacement
INFO: [Netlist 29-28] Unisim Transformation completed in 4 CPU seconds
INFO: [Project 1-570] Preparing netlist for logic optimization
INFO: [Opt 31-138] Pushed 0 inverter(s) to 0 load pin(s).
Netlist sorting complete. Time (s): cpu = 00:00:00 ; elapsed = 00:00:00 . Memory (MB): peak = 2864.895 ; gain = 0.000 ; free physical = 2548 ; free virtual = 7888
INFO: [Project 1-111] Unisim Transformation Summary:
No Unisim elements were transformed.

Synth Design complete, checksum: 32ee3011
INFO: [Common 17-83] Releasing license: Synthesis
30 Infos, 16 Warnings, 0 Critical Warnings and 0 Errors encountered.
synth_design completed successfully
synth_design: Time (s): cpu = 00:00:17 ; elapsed = 00:00:14 . Memory (MB): peak = 2864.895 ; gain = 64.031 ; free physical = 2747 ; free virtual = 8087
INFO: [Common 17-1381] The checkpoint '/opt/Xilinx/Projects/Proyecto_TFM/1/Prueba_4/Prueba_4/Prueba_4.runs/design_1_Latch_v3_0_0_synth_1/design_1_Latch_v3_0_0.dcp' has been generated.
INFO: [Coretcl 2-1648] Added synthesis output to IP cache for IP design_1_Latch_v3_0_0, cache-ID = 42bfb1e89c8fcc5b
INFO: [Coretcl 2-1174] Renamed 2 cell refs.
INFO: [Common 17-1381] The checkpoint '/opt/Xilinx/Projects/Proyecto_TFM/1/Prueba_4/Prueba_4/Prueba_4.runs/design_1_Latch_v3_0_0_synth_1/design_1_Latch_v3_0_0.dcp' has been generated.
INFO: [runtcl-4] Executing : report_utilization -file design_1_Latch_v3_0_0_utilization_synth.rpt -pb design_1_Latch_v3_0_0_utilization_synth.pb
INFO: [Common 17-206] Exiting Vivado at Sun Jun  9 11:48:31 2024...
